2020-02-13 18:29:37.913  INFO 11268 --- [restartedMain] cn.zh.community.CommunityApplication     : Starting CommunityApplication on LAPTOP-IE0GJT4J with PID 11268 (E:\idea_workspace\community-master\target\classes started by zhanghuan in E:\idea_workspace\community-master)
2020-02-13 18:29:37.929  INFO 11268 --- [restartedMain] cn.zh.community.CommunityApplication     : The following profiles are active: dev
2020-02-13 18:29:37.976  INFO 11268 --- [restartedMain] .e.DevToolsPropertyDefaultsPostProcessor : Devtools property defaults active! Set 'spring.devtools.add-properties' to 'false' to disable
2020-02-13 18:29:37.976  INFO 11268 --- [restartedMain] .e.DevToolsPropertyDefaultsPostProcessor : For additional web related logging consider setting the 'logging.level.web' property to 'DEBUG'
2020-02-13 18:29:38.022  WARN 11268 --- [background-preinit] o.s.h.c.j.Jackson2ObjectMapperBuilder    : For Jackson Kotlin classes support please add "com.fasterxml.jackson.module:jackson-module-kotlin" to the classpath
2020-02-13 18:29:39.491  INFO 11268 --- [restartedMain] o.s.b.w.embedded.tomcat.TomcatWebServer  : Tomcat initialized with port(s): 8887 (http)
2020-02-13 18:29:39.522  INFO 11268 --- [restartedMain] o.apache.catalina.core.StandardService   : Starting service [Tomcat]
2020-02-13 18:29:39.522  INFO 11268 --- [restartedMain] org.apache.catalina.core.StandardEngine  : Starting Servlet engine: [Apache Tomcat/9.0.26]
2020-02-13 18:29:39.616  INFO 11268 --- [restartedMain] o.a.c.c.C.[Tomcat].[localhost].[/]       : Initializing Spring embedded WebApplicationContext
2020-02-13 18:29:39.616  INFO 11268 --- [restartedMain] o.s.web.context.ContextLoader            : Root WebApplicationContext: initialization completed in 1640 ms
2020-02-13 18:29:40.131  INFO 11268 --- [restartedMain] o.s.s.concurrent.ThreadPoolTaskExecutor  : Initializing ExecutorService 'applicationTaskExecutor'
2020-02-13 18:29:40.178  INFO 11268 --- [restartedMain] o.s.b.a.w.s.WelcomePageHandlerMapping    : Adding welcome page template: index
2020-02-13 18:29:40.303  INFO 11268 --- [restartedMain] o.s.s.c.ThreadPoolTaskScheduler          : Initializing ExecutorService 'taskScheduler'
2020-02-13 18:29:40.459  INFO 11268 --- [restartedMain] o.s.b.d.a.OptionalLiveReloadServer       : LiveReload server is running on port 35729
2020-02-13 18:29:40.475  INFO 11268 --- [scheduling-1] cn.zh.community.schedule.HotTagTasks     : hotTagSchedule start Thu Feb 13 18:29:40 CST 2020
2020-02-13 18:29:40.498  INFO 11268 --- [restartedMain] o.s.b.w.embedded.tomcat.TomcatWebServer  : Tomcat started on port(s): 8887 (http) with context path ''
2020-02-13 18:29:40.514  INFO 11268 --- [scheduling-1] com.zaxxer.hikari.HikariDataSource       : HikariPool-1 - Starting...
2020-02-13 18:29:40.514  INFO 11268 --- [restartedMain] cn.zh.community.CommunityApplication     : Started CommunityApplication in 2.882 seconds (JVM running for 3.763)
2020-02-13 18:29:40.514  INFO 11268 --- [restartedMain] c.zh.community.listener.StartedListener  : Community started at         http://127.0.0.1:8887
2020-02-13 18:29:40.514  INFO 11268 --- [restartedMain] c.zh.community.listener.StartedListener  : Community has started successfully!
2020-02-13 18:29:40.639  INFO 11268 --- [scheduling-1] com.zaxxer.hikari.HikariDataSource       : HikariPool-1 - Start completed.
2020-02-13 18:29:40.670  INFO 11268 --- [scheduling-1] cn.zh.community.schedule.HotTagTasks     : hotTagSchedule stop Thu Feb 13 18:29:40 CST 2020
2020-02-13 18:29:43.142  INFO 11268 --- [http-nio-8887-exec-1] o.a.c.c.C.[Tomcat].[localhost].[/]       : Initializing Spring DispatcherServlet 'dispatcherServlet'
2020-02-13 18:29:43.142  INFO 11268 --- [http-nio-8887-exec-1] o.s.web.servlet.DispatcherServlet        : Initializing Servlet 'dispatcherServlet'
2020-02-13 18:29:43.154  INFO 11268 --- [http-nio-8887-exec-1] o.s.web.servlet.DispatcherServlet        : Completed initialization in 12 ms
2020-02-13 18:29:58.963  WARN 11268 --- [http-nio-8887-exec-6] o.a.c.util.SessionIdGeneratorBase        : Creation of SecureRandom instance for session ID generation using [SHA1PRNG] took [214] milliseconds.
